  [1m[35m (2.0ms)[0m  [1m[34mSELECT sqlite_version(*)[0m
  [1m[35m (1.0ms)[0m  [1m[35mCREATE TABLE "schema_migrations" ("version" varchar NOT NULL PRIMARY KEY)[0m
  [1m[35m (0.9ms)[0m  [1m[35mCREATE TABLE "ar_internal_metadata" ("key" varchar NOT NULL PRIMARY KEY, "value" varchar, "created_at" datetime(6) NOT NULL, "updated_at" datetime(6) NOT NULL)[0m
  [1m[35m (0.1ms)[0m  [1m[34mSELECT "schema_migrations"."version" FROM "schema_migrations" ORDER BY "schema_migrations"."version" ASC[0m
Migrating to CreatePortfolios (20210914014839)
  [1m[36mTRANSACTION (0.1ms)[0m  [1m[36mbegin transaction[0m
  [1m[35m (0.4ms)[0m  [1m[35mCREATE TABLE "portfolios" ("id" integer PRIMARY KEY AUTOINCREMENT NOT NULL, "investor" varchar, "created_at" datetime(6) NOT NULL, "updated_at" datetime(6) NOT NULL)[0m
  [1m[36mActiveRecord::SchemaMigration Create (0.2ms)[0m  [1m[32mINSERT INTO "schema_migrations" ("version") VALUES (?)[0m  [["version", "20210914014839"]]
  [1m[36mTRANSACTION (0.9ms)[0m  [1m[36mcommit transaction[0m
Migrating to CreateStocks (20210914015331)
  [1m[36mTRANSACTION (0.1ms)[0m  [1m[36mbegin transaction[0m
  [1m[35m (0.5ms)[0m  [1m[35mCREATE TABLE "stocks" ("id" integer PRIMARY KEY AUTOINCREMENT NOT NULL, "company" varchar, "ticker" varchar, "sector" varchar, "price" float, "portfolio_id" integer NOT NULL, "created_at" datetime(6) NOT NULL, "updated_at" datetime(6) NOT NULL, CONSTRAINT "fk_rails_8581f7edcc"
FOREIGN KEY ("portfolio_id")
  REFERENCES "portfolios" ("id")
)[0m
  [1m[35m (0.1ms)[0m  [1m[35mCREATE INDEX "index_stocks_on_portfolio_id" ON "stocks" ("portfolio_id")[0m
  [1m[36mActiveRecord::SchemaMigration Create (0.2ms)[0m  [1m[32mINSERT INTO "schema_migrations" ("version") VALUES (?)[0m  [["version", "20210914015331"]]
  [1m[36mTRANSACTION (0.8ms)[0m  [1m[36mcommit transaction[0m
  [1m[36mActiveRecord::InternalMetadata Load (0.4ms)[0m  [1m[34mSELECT "ar_internal_metadata".* FROM "ar_internal_metadata" WHERE "ar_internal_metadata"."key" = ? LIMIT ?[0m  [["key", "environment"], ["LIMIT", 1]]
  [1m[36mTRANSACTION (0.3ms)[0m  [1m[36mbegin transaction[0m
  [1m[36mActiveRecord::InternalMetadata Create (1.0ms)[0m  [1m[32mINSERT INTO "ar_internal_metadata" ("key", "value", "created_at", "updated_at") VALUES (?, ?, ?, ?)[0m  [["key", "environment"], ["value", "development"], ["created_at", "2021-09-16 15:08:27.972796"], ["updated_at", "2021-09-16 15:08:27.972796"]]
  [1m[36mTRANSACTION (1.2ms)[0m  [1m[36mcommit transaction[0m
  [1m[35m (0.1ms)[0m  [1m[34mSELECT sqlite_version(*)[0m
  [1m[35m (0.2ms)[0m  [1m[34mSELECT "schema_migrations"."version" FROM "schema_migrations" ORDER BY "schema_migrations"."version" ASC[0m
  [1m[35m (1.0ms)[0m  [1m[34mSELECT sqlite_version(*)[0m
  [1m[35m (0.2ms)[0m  [1m[34mSELECT "schema_migrations"."version" FROM "schema_migrations" ORDER BY "schema_migrations"."version" ASC[0m
  [1m[35m (0.1ms)[0m  [1m[34mSELECT sqlite_version(*)[0m
  [1m[36mTRANSACTION (0.1ms)[0m  [1m[36mbegin transaction[0m
  [1m[36mPortfolio Create (7.0ms)[0m  [1m[32mINSERT INTO "portfolios" ("investor", "created_at", "updated_at") VALUES (?, ?, ?)[0m  [["investor", "Gia Jennings"], ["created_at", "2021-09-16 15:08:34.906113"], ["updated_at", "2021-09-16 15:08:34.906113"]]
  [1m[36mTRANSACTION (1.0ms)[0m  [1m[36mcommit transaction[0m
  [1m[36mTRANSACTION (0.1ms)[0m  [1m[36mbegin transaction[0m
  [1m[36mStock Create (3.5ms)[0m  [1m[32mINSERT INTO "stocks" ("company", "ticker", "sector", "price", "portfolio_id", "created_at", "updated_at") VALUES (?, ?, ?, ?, ?, ?, ?)[0m  [["company", "Microsoft"], ["ticker", "MSFT"], ["sector", "Technology"], ["price", 301.83], ["portfolio_id", 1], ["created_at", "2021-09-16 15:08:34.987552"], ["updated_at", "2021-09-16 15:08:34.987552"]]
  [1m[36mTRANSACTION (0.9ms)[0m  [1m[36mcommit transaction[0m
  [1m[36mTRANSACTION (0.3ms)[0m  [1m[36mbegin transaction[0m
  [1m[36mStock Create (0.4ms)[0m  [1m[32mINSERT INTO "stocks" ("company", "ticker", "sector", "price", "portfolio_id", "created_at", "updated_at") VALUES (?, ?, ?, ?, ?, ?, ?)[0m  [["company", "Tesla"], ["ticker", "TSLA"], ["sector", "Capital Goods"], ["price", 734.09], ["portfolio_id", 1], ["created_at", "2021-09-16 15:08:34.996617"], ["updated_at", "2021-09-16 15:08:34.996617"]]
  [1m[36mTRANSACTION (0.6ms)[0m  [1m[36mcommit transaction[0m
  [1m[36mTRANSACTION (0.0ms)[0m  [1m[36mbegin transaction[0m
  [1m[36mStock Create (0.3ms)[0m  [1m[32mINSERT INTO "stocks" ("company", "ticker", "sector", "price", "portfolio_id", "created_at", "updated_at") VALUES (?, ?, ?, ?, ?, ?, ?)[0m  [["company", "Gamestop"], ["ticker", "GME"], ["sector", "Retail/Wholesale"], ["price", 210.57], ["portfolio_id", 1], ["created_at", "2021-09-16 15:08:35.000433"], ["updated_at", "2021-09-16 15:08:35.000433"]]
  [1m[36mTRANSACTION (0.6ms)[0m  [1m[36mcommit transaction[0m
  [1m[35m (5.4ms)[0m  [1m[34mSELECT sqlite_version(*)[0m
  [1m[35m (0.4ms)[0m  [1m[34mSELECT COUNT(*) FROM "portfolios"[0m
  [1m[35m (0.6ms)[0m  [1m[34mSELECT sqlite_version(*)[0m
  [1m[35m (0.7ms)[0m  [1m[34mSELECT "schema_migrations"."version" FROM "schema_migrations" ORDER BY "schema_migrations"."version" ASC[0m
  [1m[35m (0.9ms)[0m  [1m[34mSELECT "ar_internal_metadata"."value" FROM "ar_internal_metadata" WHERE "ar_internal_metadata"."key" = ?[0m  [["key", "environment"]]
  [1m[35m (0.1ms)[0m  [1m[34mSELECT "schema_migrations"."version" FROM "schema_migrations" ORDER BY "schema_migrations"."version" ASC[0m
  [1m[35m (0.1ms)[0m  [1m[34mSELECT "ar_internal_metadata"."value" FROM "ar_internal_metadata" WHERE "ar_internal_metadata"."key" = ?[0m  [["key", "environment"]]
  [1m[35m (0.1ms)[0m  [1m[34mSELECT "schema_migrations"."version" FROM "schema_migrations" ORDER BY "schema_migrations"."version" ASC[0m
  [1m[35m (0.1ms)[0m  [1m[34mSELECT "ar_internal_metadata"."value" FROM "ar_internal_metadata" WHERE "ar_internal_metadata"."key" = ?[0m  [["key", "environment"]]
  [1m[35m (1.1ms)[0m  [1m[34mSELECT sqlite_version(*)[0m
  [1m[35m (2.9ms)[0m  [1m[35mCREATE TABLE "schema_migrations" ("version" varchar NOT NULL PRIMARY KEY)[0m
  [1m[35m (2.0ms)[0m  [1m[35mCREATE TABLE "ar_internal_metadata" ("key" varchar NOT NULL PRIMARY KEY, "value" varchar, "created_at" datetime(6) NOT NULL, "updated_at" datetime(6) NOT NULL)[0m
  [1m[35m (0.2ms)[0m  [1m[34mSELECT "schema_migrations"."version" FROM "schema_migrations" ORDER BY "schema_migrations"."version" ASC[0m
Migrating to CreatePortfolios (20210914014839)
  [1m[36mTRANSACTION (0.1ms)[0m  [1m[36mbegin transaction[0m
  [1m[35m (0.4ms)[0m  [1m[35mCREATE TABLE "portfolios" ("id" integer PRIMARY KEY AUTOINCREMENT NOT NULL, "investor" varchar, "created_at" datetime(6) NOT NULL, "updated_at" datetime(6) NOT NULL)[0m
  [1m[36mActiveRecord::SchemaMigration Create (0.2ms)[0m  [1m[32mINSERT INTO "schema_migrations" ("version") VALUES (?)[0m  [["version", "20210914014839"]]
  [1m[36mTRANSACTION (1.0ms)[0m  [1m[36mcommit transaction[0m
Migrating to CreateStocks (20210914015331)
  [1m[36mTRANSACTION (0.1ms)[0m  [1m[36mbegin transaction[0m
  [1m[35m (0.4ms)[0m  [1m[35mCREATE TABLE "stocks" ("id" integer PRIMARY KEY AUTOINCREMENT NOT NULL, "company" varchar, "ticker" varchar, "sector" varchar, "price" float, "portfolio_id" integer NOT NULL, "created_at" datetime(6) NOT NULL, "updated_at" datetime(6) NOT NULL, CONSTRAINT "fk_rails_8581f7edcc"
FOREIGN KEY ("portfolio_id")
  REFERENCES "portfolios" ("id")
)[0m
  [1m[35m (0.1ms)[0m  [1m[35mCREATE INDEX "index_stocks_on_portfolio_id" ON "stocks" ("portfolio_id")[0m
  [1m[36mActiveRecord::SchemaMigration Create (5.3ms)[0m  [1m[32mINSERT INTO "schema_migrations" ("version") VALUES (?)[0m  [["version", "20210914015331"]]
  [1m[36mTRANSACTION (0.8ms)[0m  [1m[36mcommit transaction[0m
  [1m[36mActiveRecord::InternalMetadata Load (0.3ms)[0m  [1m[34mSELECT "ar_internal_metadata".* FROM "ar_internal_metadata" WHERE "ar_internal_metadata"."key" = ? LIMIT ?[0m  [["key", "environment"], ["LIMIT", 1]]
  [1m[36mTRANSACTION (0.1ms)[0m  [1m[36mbegin transaction[0m
  [1m[36mActiveRecord::InternalMetadata Create (0.4ms)[0m  [1m[32mINSERT INTO "ar_internal_metadata" ("key", "value", "created_at", "updated_at") VALUES (?, ?, ?, ?)[0m  [["key", "environment"], ["value", "development"], ["created_at", "2021-09-16 15:13:27.989832"], ["updated_at", "2021-09-16 15:13:27.989832"]]
  [1m[36mTRANSACTION (1.3ms)[0m  [1m[36mcommit transaction[0m
  [1m[35m (0.0ms)[0m  [1m[34mSELECT sqlite_version(*)[0m
  [1m[35m (0.2ms)[0m  [1m[34mSELECT "schema_migrations"."version" FROM "schema_migrations" ORDER BY "schema_migrations"."version" ASC[0m
  [1m[35m (0.5ms)[0m  [1m[34mSELECT sqlite_version(*)[0m
  [1m[35m (0.1ms)[0m  [1m[34mSELECT "schema_migrations"."version" FROM "schema_migrations" ORDER BY "schema_migrations"."version" ASC[0m
  [1m[35m (0.1ms)[0m  [1m[34mSELECT sqlite_version(*)[0m
  [1m[36mTRANSACTION (0.1ms)[0m  [1m[36mbegin transaction[0m
  [1m[36mPortfolio Create (0.4ms)[0m  [1m[32mINSERT INTO "portfolios" ("investor", "created_at", "updated_at") VALUES (?, ?, ?)[0m  [["investor", "Gia Jennings"], ["created_at", "2021-09-16 15:13:34.466660"], ["updated_at", "2021-09-16 15:13:34.466660"]]
  [1m[36mTRANSACTION (0.7ms)[0m  [1m[36mcommit transaction[0m
  [1m[36mTRANSACTION (0.1ms)[0m  [1m[36mbegin transaction[0m
  [1m[36mStock Create (0.3ms)[0m  [1m[32mINSERT INTO "stocks" ("company", "ticker", "sector", "price", "portfolio_id", "created_at", "updated_at") VALUES (?, ?, ?, ?, ?, ?, ?)[0m  [["company", "Microsoft"], ["ticker", "MSFT"], ["sector", "Technology"], ["price", 301.83], ["portfolio_id", 1], ["created_at", "2021-09-16 15:13:34.491437"], ["updated_at", "2021-09-16 15:13:34.491437"]]
  [1m[36mTRANSACTION (0.9ms)[0m  [1m[36mcommit transaction[0m
  [1m[36mTRANSACTION (0.0ms)[0m  [1m[36mbegin transaction[0m
  [1m[36mStock Create (0.3ms)[0m  [1m[32mINSERT INTO "stocks" ("company", "ticker", "sector", "price", "portfolio_id", "created_at", "updated_at") VALUES (?, ?, ?, ?, ?, ?, ?)[0m  [["company", "Tesla"], ["ticker", "TSLA"], ["sector", "Capital Goods"], ["price", 734.09], ["portfolio_id", 1], ["created_at", "2021-09-16 15:13:34.494896"], ["updated_at", "2021-09-16 15:13:34.494896"]]
  [1m[36mTRANSACTION (0.6ms)[0m  [1m[36mcommit transaction[0m
  [1m[36mTRANSACTION (0.0ms)[0m  [1m[36mbegin transaction[0m
  [1m[36mStock Create (0.3ms)[0m  [1m[32mINSERT INTO "stocks" ("company", "ticker", "sector", "price", "portfolio_id", "created_at", "updated_at") VALUES (?, ?, ?, ?, ?, ?, ?)[0m  [["company", "Gamestop"], ["ticker", "GME"], ["sector", "Retail/Wholesale"], ["price", 210.57], ["portfolio_id", 1], ["created_at", "2021-09-16 15:13:34.497810"], ["updated_at", "2021-09-16 15:13:34.497810"]]
  [1m[36mTRANSACTION (0.6ms)[0m  [1m[36mcommit transaction[0m
  [1m[36mTRANSACTION (0.0ms)[0m  [1m[36mbegin transaction[0m
  [1m[36mPortfolio Create (0.6ms)[0m  [1m[32mINSERT INTO "portfolios" ("investor", "created_at", "updated_at") VALUES (?, ?, ?)[0m  [["investor", "Warren Buffett"], ["created_at", "2021-09-16 15:13:34.500803"], ["updated_at", "2021-09-16 15:13:34.500803"]]
  [1m[36mTRANSACTION (0.7ms)[0m  [1m[36mcommit transaction[0m
  [1m[36mTRANSACTION (0.1ms)[0m  [1m[36mbegin transaction[0m
  [1m[36mStock Create (0.5ms)[0m  [1m[32mINSERT INTO "stocks" ("company", "ticker", "sector", "price", "portfolio_id", "created_at", "updated_at") VALUES (?, ?, ?, ?, ?, ?, ?)[0m  [["company", "Apple"], ["ticker", "AAPL"], ["sector", "Information Technology"], ["price", 147.6], ["portfolio_id", 2], ["created_at", "2021-09-16 15:13:34.508740"], ["updated_at", "2021-09-16 15:13:34.508740"]]
  [1m[36mTRANSACTION (0.9ms)[0m  [1m[36mcommit transaction[0m
  [1m[36mTRANSACTION (0.0ms)[0m  [1m[36mbegin transaction[0m
  [1m[36mPortfolio Create (0.3ms)[0m  [1m[32mINSERT INTO "portfolios" ("investor", "created_at", "updated_at") VALUES (?, ?, ?)[0m  [["investor", "Cathie Woods"], ["created_at", "2021-09-16 15:13:34.516988"], ["updated_at", "2021-09-16 15:13:34.516988"]]
  [1m[36mTRANSACTION (0.8ms)[0m  [1m[36mcommit transaction[0m
  [1m[36mTRANSACTION (0.0ms)[0m  [1m[36mbegin transaction[0m
  [1m[36mStock Create (0.3ms)[0m  [1m[32mINSERT INTO "stocks" ("company", "ticker", "sector", "price", "portfolio_id", "created_at", "updated_at") VALUES (?, ?, ?, ?, ?, ?, ?)[0m  [["company", "ARK Genomic Revolution"], ["ticker", "ARKG"], ["sector", "Information Technology"], ["price", 80.43], ["portfolio_id", 3], ["created_at", "2021-09-16 15:13:34.520060"], ["updated_at", "2021-09-16 15:13:34.520060"]]
  [1m[36mTRANSACTION (0.8ms)[0m  [1m[36mcommit transaction[0m
  [1m[35m (0.6ms)[0m  [1m[34mSELECT sqlite_version(*)[0m
  [1m[35m (0.2ms)[0m  [1m[34mSELECT COUNT(*) FROM "portfolios"[0m
  [1m[36mPortfolio Load (0.2ms)[0m  [1m[34mSELECT "portfolios".* FROM "portfolios"[0m
